<?xml version="1.0" encoding="UTF-8"?>
<!-- Generated by org.testng.reporters.JUnitReportReporter -->
<testsuite hostname="Vikram-PC" failures="0" tests="4" name="Runners.RunIT" time="147.255" errors="0" timestamp="2022-12-31T20:45:38 IST" skipped="0">
  <testcase classname="Runners.RunIT" name="runScenario" time="77.009"/>
  <system-out/>
  <testcase classname="Runners.RunIT" name="runScenario" time="28.991"/>
  <system-out/>
  <testcase classname="Runners.RunIT" name="runScenario" time="24.883"/>
  <system-out/>
  <testcase classname="Runners.RunIT" name="runScenario" time="16.372"/>
  <system-out/>
</testsuite> <!-- Runners.RunIT -->
