<?xml version="1.0" encoding="UTF-8"?>
<!-- Generated by org.testng.reporters.JUnitReportReporter -->
<testsuite hostname="Vikram-PC" failures="0" tests="4" name="Runners.RunIT" time="410.682" errors="0" timestamp="2022-12-29T10:49:32 IST" skipped="0">
  <testcase classname="Runners.RunIT" name="runScenario" time="105.190"/>
  <system-out/>
  <testcase classname="Runners.RunIT" name="runScenario" time="100.838"/>
  <system-out/>
  <testcase classname="Runners.RunIT" name="runScenario" time="101.143"/>
  <system-out/>
  <testcase classname="Runners.RunIT" name="runScenario" time="103.511"/>
  <system-out/>
</testsuite> <!-- Runners.RunIT -->
